<?xml version="1.0" encoding="utf-8"?><testsuites name="pytest tests"><testsuite name="pytest" errors="0" failures="0" skipped="0" tests="15" time="1.304" timestamp="2026-07-06T09:47:14.166242+00:00" hostname="agent-env-485d5cce-19fb-4c5e-a8eb-ce9a8e0b428d"><testcase classname="tests.backend_test.TestEnquiries" name="test_create_enquiry_success" time="0.268" /><testcase classname="tests.backend_test.TestVentureOpportunityFlag" name="test_flagged_interests_return_true[Bespoke AI Project]" time="0.280" /><testcase classname="tests.backend_test.TestEnquiries" name="test_create_enquiry_minimal_required" time="0.092" /><testcase classname="tests.backend_test.TestVentureOpportunityFlag" name="test_flagged_interests_return_true[Strategic Partnership]" time="0.043" /><testcase classname="tests.backend_test.TestVentureOpportunityFlag" name="test_non_flagged_interests_return_false[NowAgentAI Partnership]" time="0.087" /><testcase classname="tests.backend_test.TestEnquiries" name="test_create_enquiry_missing_required_returns_422" time="0.052" /><testcase classname="tests.backend_test.TestVentureOpportunityFlag" name="test_non_flagged_interests_return_false[NowMoveMe Partnership / Investment]" time="0.044" /><testcase classname="tests.backend_test.TestEnquiries" name="test_create_enquiry_invalid_email_returns_422" time="0.060" /><testcase classname="tests.backend_test.TestVentureOpportunityFlag" name="test_non_flagged_interests_return_false[Investing in Imkindo / AI Ventures]" time="0.044" /><testcase classname="tests.backend_test.TestEnquiries" name="test_create_enquiry_empty_message_returns_422" time="0.090" /><testcase classname="tests.backend_test.TestVentureOpportunityFlag" name="test_non_flagged_interests_return_false[AI Implementation for my Business]" time="0.046" /><testcase classname="tests.backend_test.TestVentureOpportunityFlag" name="test_non_flagged_interests_return_false[Media / Other]" time="0.046" /><testcase classname="tests.backend_test.TestEnquiries" name="test_list_enquiries_includes_created_and_sorted_desc" time="0.113" /><testcase classname="tests.backend_test.TestVentureOpportunityFlag" name="test_flag_persisted_in_db_via_get" time="0.174" /><testcase classname="tests.backend_test.TestRoot" name="test_root_returns_imkindo_message" time="0.055" /></testsuite></testsuites>