<?xml version="1.0" encoding="utf-8"?><testsuites name="pytest tests"><testsuite name="pytest" errors="0" failures="0" skipped="0" tests="7" time="1.089" timestamp="2026-07-05T12:56:02.805745+00:00" hostname="agent-env-485d5cce-19fb-4c5e-a8eb-ce9a8e0b428d"><testcase classname="tests.backend_test.TestEnquiries" name="test_create_enquiry_success" time="0.348" /><testcase classname="tests.backend_test.TestRoot" name="test_root_returns_imkindo_message" time="0.304" /><testcase classname="tests.backend_test.TestEnquiries" name="test_create_enquiry_minimal_required" time="0.046" /><testcase classname="tests.backend_test.TestEnquiries" name="test_create_enquiry_missing_required_returns_422" time="0.047" /><testcase classname="tests.backend_test.TestEnquiries" name="test_create_enquiry_invalid_email_returns_422" time="0.046" /><testcase classname="tests.backend_test.TestEnquiries" name="test_create_enquiry_empty_message_returns_422" time="0.049" /><testcase classname="tests.backend_test.TestEnquiries" name="test_list_enquiries_includes_created_and_sorted_desc" time="0.093" /></testsuite></testsuites>